\BOOKMARK [1][-]{Doc-Start}{\376\377\000R\000\351\000s\000u\000m\000\351}{}% 1
\BOOKMARK [1][-]{section.1}{\376\377\000I\000n\000t\000r\000o\000d\000u\000c\000t\000i\000o\000n\000\040\000g\000\351\000n\000\351\000r\000a\000l\000e}{}% 2
\BOOKMARK [1][-]{section.2}{\376\377\000\311\000t\000a\000t\000\040\000d\000e\000\040\000l\000'\000a\000r\000t}{}% 3
\BOOKMARK [2][-]{subsection.2.1}{\376\377\000D\000\351\000t\000e\000c\000t\000i\000o\000n\000\040\000f\000a\000c\000i\000a\000l\000e}{section.2}% 4
\BOOKMARK [3][-]{subsubsection.2.1.1}{\376\377\000C\000l\000a\000s\000s\000i\000f\000i\000c\000a\000t\000e\000u\000r\000s\000\040\000d\000e\000\040\000H\000a\000a\000r}{subsection.2.1}% 5
\BOOKMARK [3][-]{subsubsection.2.1.2}{\376\377\000H\000i\000s\000t\000o\000g\000r\000a\000m\000m\000e\000s\000\040\000d\000e\000\040\000G\000r\000a\000d\000i\000e\000n\000t\000s\000\040\000O\000r\000i\000e\000n\000t\000\351\000s\000\040\000\050\000H\000O\000G\000\051}{subsection.2.1}% 6
\BOOKMARK [3][-]{subsubsection.2.1.3}{\376\377\000R\000\351\000s\000e\000a\000u\000x\000\040\000d\000e\000\040\000N\000e\000u\000r\000o\000n\000e\000s\000\040\000C\000o\000n\000v\000o\000l\000u\000t\000i\000o\000n\000n\000e\000l\000s\000\040\000\050\000C\000N\000N\000\051}{subsection.2.1}% 7
\BOOKMARK [2][-]{subsection.2.2}{\376\377\000R\000e\000c\000o\000n\000n\000a\000i\000s\000s\000a\000n\000c\000e\000\040\000f\000a\000c\000i\000a\000l\000e}{section.2}% 8
\BOOKMARK [3][-]{subsubsection.2.2.1}{\376\377\000M\000\351\000t\000h\000o\000d\000e\000s\000\040\000t\000r\000a\000d\000i\000t\000i\000o\000n\000n\000e\000l\000l\000e\000s}{subsection.2.2}% 9
\BOOKMARK [3][-]{subsubsection.2.2.2}{\376\377\000E\000m\000b\000e\000d\000d\000i\000n\000g\000s\000\040\000e\000t\000\040\000a\000p\000p\000r\000e\000n\000t\000i\000s\000s\000a\000g\000e\000\040\000p\000r\000o\000f\000o\000n\000d}{subsection.2.2}% 10
\BOOKMARK [2][-]{subsection.2.3}{\376\377\000S\000y\000n\000t\000h\000\350\000s\000e\000\040\000v\000o\000c\000a\000l\000e}{section.2}% 11
\BOOKMARK [3][-]{subsubsection.2.3.1}{\376\377\000A\000p\000p\000r\000o\000c\000h\000e\000s\000\040\000t\000r\000a\000d\000i\000t\000i\000o\000n\000n\000e\000l\000l\000e\000s}{subsection.2.3}% 12
\BOOKMARK [3][-]{subsubsection.2.3.2}{\376\377\000S\000y\000n\000t\000h\000\350\000s\000e\000\040\000n\000e\000u\000r\000o\000n\000a\000l\000e}{subsection.2.3}% 13
\BOOKMARK [3][-]{subsubsection.2.3.3}{\376\377\000C\000h\000o\000i\000x\000\040\000d\000'\000i\000m\000p\000l\000\351\000m\000e\000n\000t\000a\000t\000i\000o\000n}{subsection.2.3}% 14
\BOOKMARK [2][-]{subsection.2.4}{\376\377\000F\000o\000n\000d\000a\000m\000e\000n\000t\000a\000u\000x\000\040\000d\000u\000\040\000t\000r\000a\000i\000t\000e\000m\000e\000n\000t\000\040\000d\000'\000i\000m\000a\000g\000e\000\040\000a\000p\000p\000l\000i\000q\000u\000\351\000s}{section.2}% 15
\BOOKMARK [1][-]{section.3}{\376\377\000C\000a\000h\000i\000e\000r\000\040\000d\000e\000s\000\040\000c\000h\000a\000r\000g\000e\000s\000\040\000e\000t\000\040\000c\000o\000n\000c\000e\000p\000t\000i\000o\000n\000\040\000d\000u\000\040\000s\000y\000s\000t\000\350\000m\000e}{}% 16
\BOOKMARK [2][-]{subsection.3.1}{\376\377\000O\000b\000j\000e\000c\000t\000i\000f\000s\000\040\000d\000u\000\040\000p\000r\000o\000j\000e\000t}{section.3}% 17
\BOOKMARK [2][-]{subsection.3.2}{\376\377\000C\000o\000n\000t\000r\000a\000i\000n\000t\000e\000s\000\040\000t\000e\000c\000h\000n\000i\000q\000u\000e\000s\000\040\000e\000t\000\040\000f\000o\000n\000c\000t\000i\000o\000n\000n\000e\000l\000l\000e\000s}{section.3}% 18
\BOOKMARK [3][-]{subsubsection.3.2.1}{\376\377\000C\000o\000n\000t\000r\000a\000i\000n\000t\000e\000s\000\040\000d\000e\000\040\000t\000e\000m\000p\000s\000\040\000r\000\351\000e\000l}{subsection.3.2}% 19
\BOOKMARK [3][-]{subsubsection.3.2.2}{\376\377\000C\000o\000n\000t\000r\000a\000i\000n\000t\000e\000s\000\040\000d\000e\000\040\000c\000o\000n\000f\000i\000d\000e\000n\000t\000i\000a\000l\000i\000t\000\351\000\040\000e\000t\000\040\000s\000\351\000c\000u\000r\000i\000t\000\351}{subsection.3.2}% 20
\BOOKMARK [3][-]{subsubsection.3.2.3}{\376\377\000C\000o\000n\000t\000r\000a\000i\000n\000t\000e\000s\000\040\000d\000'\000u\000t\000i\000l\000i\000s\000a\000b\000i\000l\000i\000t\000\351}{subsection.3.2}% 21
\BOOKMARK [3][-]{subsubsection.3.2.4}{\376\377\000C\000o\000n\000t\000r\000a\000i\000n\000t\000e\000s\000\040\000e\000n\000v\000i\000r\000o\000n\000n\000e\000m\000e\000n\000t\000a\000l\000e\000s}{subsection.3.2}% 22
\BOOKMARK [2][-]{subsection.3.3}{\376\377\000A\000r\000c\000h\000i\000t\000e\000c\000t\000u\000r\000e\000\040\000g\000l\000o\000b\000a\000l\000e\000\040\000d\000u\000\040\000s\000y\000s\000t\000\350\000m\000e}{section.3}% 23
\BOOKMARK [2][-]{subsection.3.4}{\376\377\000S\000p\000\351\000c\000i\000f\000i\000c\000a\000t\000i\000o\000n\000s\000\040\000t\000e\000c\000h\000n\000i\000q\000u\000e\000s\000\040\000d\000\351\000t\000a\000i\000l\000l\000\351\000e\000s}{section.3}% 24
\BOOKMARK [3][-]{subsubsection.3.4.1}{\376\377\000S\000p\000\351\000c\000i\000f\000i\000c\000a\000t\000i\000o\000n\000s\000\040\000m\000a\000t\000\351\000r\000i\000e\000l\000l\000e\000s}{subsection.3.4}% 25
\BOOKMARK [3][-]{subsubsection.3.4.2}{\376\377\000S\000p\000\351\000c\000i\000f\000i\000c\000a\000t\000i\000o\000n\000s\000\040\000l\000o\000g\000i\000c\000i\000e\000l\000l\000e\000s}{subsection.3.4}% 26
\BOOKMARK [1][-]{section.4}{\376\377\000I\000m\000p\000l\000\351\000m\000e\000n\000t\000a\000t\000i\000o\000n}{}% 27
\BOOKMARK [2][-]{subsection.4.1}{\376\377\000E\000n\000v\000i\000r\000o\000n\000n\000e\000m\000e\000n\000t\000\040\000d\000e\000\040\000d\000\351\000v\000e\000l\000o\000p\000p\000e\000m\000e\000n\000t}{section.4}% 28
\BOOKMARK [3][-]{subsubsection.4.1.1}{\376\377\000L\000a\000n\000g\000a\000g\000e\000\040\000d\000e\000\040\000p\000r\000o\000g\000r\000a\000m\000m\000a\000t\000i\000o\000n}{subsection.4.1}% 29
\BOOKMARK [3][-]{subsubsection.4.1.2}{\376\377\000B\000i\000b\000l\000i\000o\000t\000h\000\350\000q\000u\000e\000s\000\040\000p\000r\000i\000n\000c\000i\000p\000a\000l\000e\000s}{subsection.4.1}% 30
\BOOKMARK [2][-]{subsection.4.2}{\376\377\000D\000e\000s\000c\000r\000i\000p\000t\000i\000o\000n\000\040\000d\000\351\000t\000a\000i\000l\000l\000\351\000e\000\040\000d\000u\000\040\000f\000i\000c\000h\000i\000e\000r\000\040\000M\000a\000i\000n\000\137\000C\000o\000d\000e\000.\000p\000y}{section.4}% 31
\BOOKMARK [3][-]{subsubsection.4.2.1}{\376\377\000C\000h\000a\000r\000g\000e\000m\000e\000n\000t\000\040\000d\000e\000s\000\040\000m\000o\000d\000\350\000l\000e\000s\000\040\000p\000r\000\351\000-\000e\000n\000t\000r\000a\000\356\000n\000\351\000s}{subsection.4.2}% 32
\BOOKMARK [3][-]{subsubsection.4.2.2}{\376\377\000G\000e\000s\000t\000i\000o\000n\000\040\000d\000e\000s\000\040\000d\000o\000s\000s\000i\000e\000r\000s\000\040\000e\000t\000\040\000f\000i\000c\000h\000i\000e\000r\000s}{subsection.4.2}% 33
\BOOKMARK [3][-]{subsubsection.4.2.3}{\376\377\000C\000a\000l\000c\000u\000l\000\040\000e\000t\000\040\000s\000t\000o\000c\000k\000a\000g\000e\000\040\000d\000e\000s\000\040\000e\000n\000c\000o\000d\000i\000n\000g\000s}{subsection.4.2}% 34
\BOOKMARK [3][-]{subsubsection.4.2.4}{\376\377\000B\000o\000u\000c\000l\000e\000\040\000p\000r\000i\000n\000c\000i\000p\000a\000l\000e\000\040\000d\000e\000\040\000t\000r\000a\000i\000t\000e\000m\000e\000n\000t\000\040\000t\000e\000m\000p\000s\000\040\000r\000\351\000e\000l}{subsection.4.2}% 35
\BOOKMARK [3][-]{subsubsection.4.2.5}{\376\377\000S\000y\000s\000t\000\350\000m\000e\000\040\000d\000e\000\040\000c\000o\000o\000l\000d\000o\000w\000n}{subsection.4.2}% 36
\BOOKMARK [3][-]{subsubsection.4.2.6}{\376\377\000G\000e\000s\000t\000i\000o\000n\000\040\000a\000u\000d\000i\000o\000\040\000h\000y\000b\000r\000i\000d\000e\000\040\000\050\000p\000r\000\351\000-\000e\000n\000r\000e\000g\000i\000s\000t\000r\000\351\000e\000\040\000+\000\040\000T\000T\000S\000\040\000d\000e\000\040\000s\000e\000c\000o\000u\000r\000s\000\051}{subsection.4.2}% 37
\BOOKMARK [1][-]{section.5}{\376\377\000S\000c\000\351\000n\000a\000r\000i\000o\000\040\000d\000'\000u\000t\000i\000l\000i\000s\000a\000t\000i\000o\000n\000\040\000a\000\351\000r\000o\000p\000o\000r\000t\000u\000a\000i\000r\000e\000\040\000\050\000p\000e\000r\000s\000p\000e\000c\000t\000i\000v\000e\000\040\000f\000u\000t\000u\000r\000e\000\051}{}% 38
\BOOKMARK [2][-]{subsection.5.1}{\376\377\000P\000r\000o\000b\000l\000\351\000m\000a\000t\000i\000q\000u\000e\000\040\000d\000u\000\040\000p\000a\000s\000s\000a\000g\000e\000r\000\040\000p\000e\000r\000d\000u}{section.5}% 39
\BOOKMARK [2][-]{subsection.5.2}{\376\377\000W\000o\000r\000k\000f\000l\000o\000w\000\040\000d\000u\000\040\000s\000y\000s\000t\000\350\000m\000e\000\040\000d\000'\000a\000c\000c\000u\000e\000i\000l\000\040\000a\000u\000t\000o\000m\000a\000t\000i\000s\000\351}{section.5}% 40
\BOOKMARK [3][-]{subsubsection.5.2.1}{\376\377\000\311\000t\000a\000p\000e\000\040\0001\000\040\000:\000\040\000P\000o\000s\000i\000t\000i\000o\000n\000n\000e\000m\000e\000n\000t\000\040\000d\000u\000\040\000p\000a\000s\000s\000a\000g\000e\000r}{subsection.5.2}% 41
\BOOKMARK [3][-]{subsubsection.5.2.2}{\376\377\000\311\000t\000a\000p\000e\000\040\0002\000\040\000:\000\040\000D\000\351\000t\000e\000c\000t\000i\000o\000n\000\040\000e\000t\000\040\000r\000e\000c\000o\000n\000n\000a\000i\000s\000s\000a\000n\000c\000e}{subsection.5.2}% 42
\BOOKMARK [3][-]{subsubsection.5.2.3}{\376\377\000\311\000t\000a\000p\000e\000\040\0003\000\040\000:\000\040\000A\000f\000f\000i\000c\000h\000a\000g\000e\000\040\000d\000e\000s\000\040\000i\000n\000f\000o\000r\000m\000a\000t\000i\000o\000n\000s\000\040\000p\000e\000r\000s\000o\000n\000n\000a\000l\000i\000s\000\351\000e\000s}{subsection.5.2}% 43
\BOOKMARK [3][-]{subsubsection.5.2.4}{\376\377\000\311\000t\000a\000p\000e\000\040\0004\000\040\000:\000\040\000D\000i\000f\000f\000u\000s\000i\000o\000n\000\040\000d\000u\000\040\000m\000e\000s\000s\000a\000g\000e\000\040\000v\000o\000c\000a\000l}{subsection.5.2}% 44
\BOOKMARK [2][-]{subsection.5.3}{\376\377\000M\000a\000q\000u\000e\000t\000t\000e\000\040\000d\000e\000\040\000l\000'\000i\000n\000t\000e\000r\000f\000a\000c\000e\000\040\000u\000t\000i\000l\000i\000s\000a\000t\000e\000u\000r}{section.5}% 45
\BOOKMARK [2][-]{subsection.5.4}{\376\377\000P\000o\000i\000n\000t\000s\000\040\000f\000o\000r\000t\000s\000\040\000d\000u\000\040\000s\000y\000s\000t\000\350\000m\000e}{section.5}% 46
\BOOKMARK [3][-]{subsubsection.5.4.1}{\376\377\000G\000a\000i\000n\000\040\000d\000e\000\040\000t\000e\000m\000p\000s\000\040\000s\000i\000g\000n\000i\000f\000i\000c\000a\000t\000i\000f}{subsection.5.4}% 47
\BOOKMARK [3][-]{subsubsection.5.4.2}{\376\377\000A\000c\000c\000e\000s\000s\000i\000b\000i\000l\000i\000t\000\351\000\040\000u\000n\000i\000v\000e\000r\000s\000e\000l\000l\000e}{subsection.5.4}% 48
\BOOKMARK [3][-]{subsubsection.5.4.3}{\376\377\000P\000e\000r\000s\000o\000n\000n\000a\000l\000i\000s\000a\000t\000i\000o\000n\000\040\000a\000v\000a\000n\000c\000\351\000e}{subsection.5.4}% 49
\BOOKMARK [3][-]{subsubsection.5.4.4}{\376\377\000F\000i\000a\000b\000i\000l\000i\000t\000\351\000\040\000o\000p\000\351\000r\000a\000t\000i\000o\000n\000n\000e\000l\000l\000e}{subsection.5.4}% 50
\BOOKMARK [1][-]{section.6}{\376\377\000T\000e\000s\000t\000s\000\040\000e\000t\000\040\000r\000\351\000s\000u\000l\000t\000a\000t\000s}{}% 51
\BOOKMARK [2][-]{subsection.6.1}{\376\377\000C\000o\000n\000d\000i\000t\000i\000o\000n\000s\000\040\000e\000x\000p\000\351\000r\000i\000m\000e\000n\000t\000a\000l\000e\000s}{section.6}% 52
\BOOKMARK [3][-]{subsubsection.6.1.1}{\376\377\000E\000n\000v\000i\000r\000o\000n\000n\000e\000m\000e\000n\000t\000\040\000d\000e\000\040\000t\000e\000s\000t}{subsection.6.1}% 53
\BOOKMARK [3][-]{subsubsection.6.1.2}{\376\377\000\311\000q\000u\000i\000p\000e\000m\000e\000n\000t\000\040\000u\000t\000i\000l\000i\000s\000\351}{subsection.6.1}% 54
\BOOKMARK [3][-]{subsubsection.6.1.3}{\376\377\000B\000a\000s\000e\000\040\000d\000e\000\040\000d\000o\000n\000n\000\351\000e\000s\000\040\000d\000e\000\040\000t\000e\000s\000t}{subsection.6.1}% 55
\BOOKMARK [2][-]{subsection.6.2}{\376\377\000M\000\351\000t\000r\000i\000q\000u\000e\000s\000\040\000d\000e\000\040\000p\000e\000r\000f\000o\000r\000m\000a\000n\000c\000e}{section.6}% 56
\BOOKMARK [3][-]{subsubsection.6.2.1}{\376\377\000T\000e\000m\000p\000s\000\040\000d\000e\000\040\000t\000r\000a\000i\000t\000e\000m\000e\000n\000t}{subsection.6.2}% 57
\BOOKMARK [3][-]{subsubsection.6.2.2}{\376\377\000T\000e\000m\000p\000s\000\040\000d\000e\000\040\000t\000r\000a\000i\000t\000e\000m\000e\000n\000t}{subsection.6.2}% 58
\BOOKMARK [3][-]{subsubsection.6.2.3}{\376\377\000P\000r\000\351\000c\000i\000s\000i\000o\000n\000\040\000d\000e\000\040\000r\000e\000c\000o\000n\000n\000a\000i\000s\000s\000a\000n\000c\000e}{subsection.6.2}% 59
\BOOKMARK [2][-]{subsection.6.3}{\376\377\000A\000n\000a\000l\000y\000s\000e\000\040\000d\000e\000s\000\040\000e\000r\000r\000e\000u\000r\000s}{section.6}% 60
\BOOKMARK [3][-]{subsubsection.6.3.1}{\376\377\000F\000a\000u\000x\000\040\000p\000o\000s\000i\000t\000i\000f\000s}{subsection.6.3}% 61
\BOOKMARK [3][-]{subsubsection.6.3.2}{\376\377\000F\000a\000u\000x\000\040\000n\000\351\000g\000a\000t\000i\000f\000s}{subsection.6.3}% 62
\BOOKMARK [2][-]{subsection.6.4}{\376\377\000P\000e\000r\000f\000o\000r\000m\000a\000n\000c\000e\000\040\000e\000n\000\040\000c\000o\000n\000d\000i\000t\000i\000o\000n\000s\000\040\000r\000\351\000e\000l\000l\000e\000s}{section.6}% 63
\BOOKMARK [3][-]{subsubsection.6.4.1}{\376\377\000T\000e\000s\000t\000\040\000d\000e\000\040\000s\000t\000r\000e\000s\000s}{subsection.6.4}% 64
\BOOKMARK [3][-]{subsubsection.6.4.2}{\376\377\000R\000o\000b\000u\000s\000t\000e\000s\000s\000e\000\040\000e\000n\000v\000i\000r\000o\000n\000n\000e\000m\000e\000n\000t\000a\000l\000e}{subsection.6.4}% 65
\BOOKMARK [1][-]{section.7}{\376\377\000L\000i\000m\000i\000t\000e\000s\000\040\000e\000t\000\040\000p\000e\000r\000s\000p\000e\000c\000t\000i\000v\000e\000s}{}% 66
\BOOKMARK [2][-]{subsection.7.1}{\376\377\000L\000i\000m\000i\000t\000e\000s\000\040\000a\000c\000t\000u\000e\000l\000l\000e\000s}{section.7}% 67
\BOOKMARK [3][-]{subsubsection.7.1.1}{\376\377\000C\000o\000n\000t\000r\000a\000i\000n\000t\000e\000s\000\040\000d\000'\000\351\000c\000l\000a\000i\000r\000a\000g\000e}{subsection.7.1}% 68
\BOOKMARK [3][-]{subsubsection.7.1.2}{\376\377\000V\000a\000r\000i\000a\000t\000i\000o\000n\000s\000\040\000d\000'\000a\000p\000p\000a\000r\000e\000n\000c\000e}{subsection.7.1}% 69
\BOOKMARK [3][-]{subsubsection.7.1.3}{\376\377\000A\000n\000g\000l\000e\000s\000\040\000d\000e\000\040\000p\000r\000i\000s\000e\000\040\000d\000e\000\040\000v\000u\000e}{subsection.7.1}% 70
\BOOKMARK [3][-]{subsubsection.7.1.4}{\376\377\000C\000o\000n\000f\000o\000r\000m\000i\000t\000\351\000\040\000R\000G\000P\000D}{subsection.7.1}% 71
\BOOKMARK [2][-]{subsection.7.2}{\376\377\000P\000e\000r\000s\000p\000e\000c\000t\000i\000v\000e\000s\000\040\000d\000'\000a\000m\000\351\000l\000i\000o\000r\000a\000t\000i\000o\000n}{section.7}% 72
\BOOKMARK [3][-]{subsubsection.7.2.1}{\376\377\000O\000p\000t\000i\000m\000i\000s\000a\000t\000i\000o\000n\000\040\000p\000o\000u\000r\000\040\000p\000l\000a\000t\000e\000f\000o\000r\000m\000e\000s\000\040\000e\000m\000b\000a\000r\000q\000u\000\351\000e\000s}{subsection.7.2}% 73
\BOOKMARK [3][-]{subsubsection.7.2.2}{\376\377\000E\000x\000t\000e\000n\000s\000i\000o\000n\000\040\000\340\000\040\000u\000n\000\040\000r\000\351\000s\000e\000a\000u\000\040\000m\000u\000l\000t\000i\000-\000c\000a\000m\000\351\000r\000a\000s}{subsection.7.2}% 74
\BOOKMARK [3][-]{subsubsection.7.2.3}{\376\377\000A\000m\000\351\000l\000i\000o\000r\000a\000t\000i\000o\000n\000\040\000d\000e\000\040\000l\000'\000e\000x\000p\000\351\000r\000i\000e\000n\000c\000e\000\040\000u\000t\000i\000l\000i\000s\000a\000t\000e\000u\000r}{subsection.7.2}% 75
\BOOKMARK [1][-]{section.8}{\376\377\000C\000o\000n\000c\000l\000u\000s\000i\000o\000n\000\040\000g\000\351\000n\000\351\000r\000a\000l\000e}{}% 76
\BOOKMARK [1][-]{appendix.A}{\376\377\000S\000c\000h\000\351\000m\000a\000s\000\040\000t\000e\000c\000h\000n\000i\000q\000u\000e\000s\000\040\000s\000u\000p\000p\000l\000\351\000m\000e\000n\000t\000a\000i\000r\000e\000s}{}% 77
\BOOKMARK [2][-]{subsection.A.1}{\376\377\000D\000i\000a\000g\000r\000a\000m\000m\000e\000\040\000d\000e\000\040\000f\000l\000u\000x\000\040\000d\000\351\000t\000a\000i\000l\000l\000\351}{appendix.A}% 78
\BOOKMARK [1][-]{appendix.B}{\376\377\000E\000x\000t\000r\000a\000i\000t\000s\000\040\000d\000e\000\040\000c\000o\000d\000e\000\040\000s\000u\000p\000p\000l\000\351\000m\000e\000n\000t\000a\000i\000r\000e\000s}{}% 79
\BOOKMARK [2][-]{subsection.B.1}{\376\377\000C\000o\000n\000f\000i\000g\000u\000r\000a\000t\000i\000o\000n\000\040\000d\000u\000\040\000s\000y\000s\000t\000\350\000m\000e}{appendix.B}% 80
\BOOKMARK [2][-]{subsection.B.2}{\376\377\000G\000e\000s\000t\000i\000o\000n\000\040\000d\000e\000s\000\040\000e\000r\000r\000e\000u\000r\000s}{appendix.B}% 81
\BOOKMARK [1][-]{appendix.C}{\376\377\000M\000a\000n\000u\000e\000l\000\040\000d\000'\000i\000n\000s\000t\000a\000l\000l\000a\000t\000i\000o\000n}{}% 82
\BOOKMARK [2][-]{subsection.C.1}{\376\377\000P\000r\000\351\000r\000e\000q\000u\000i\000s\000\040\000s\000y\000s\000t\000\350\000m\000e}{appendix.C}% 83
\BOOKMARK [3][-]{subsubsection.C.1.1}{\376\377\000C\000o\000n\000f\000i\000g\000u\000r\000a\000t\000i\000o\000n\000\040\000m\000a\000t\000\351\000r\000i\000e\000l\000l\000e\000\040\000m\000i\000n\000i\000m\000a\000l\000e}{subsection.C.1}% 84
\BOOKMARK [3][-]{subsubsection.C.1.2}{\376\377\000C\000o\000n\000f\000i\000g\000u\000r\000a\000t\000i\000o\000n\000\040\000l\000o\000g\000i\000c\000i\000e\000l\000l\000e}{subsection.C.1}% 85
\BOOKMARK [2][-]{subsection.C.2}{\376\377\000I\000n\000s\000t\000a\000l\000l\000a\000t\000i\000o\000n\000\040\000\351\000t\000a\000p\000e\000\040\000p\000a\000r\000\040\000\351\000t\000a\000p\000e}{appendix.C}% 86
\BOOKMARK [3][-]{subsubsection.C.2.1}{\376\377\000\311\000t\000a\000p\000e\000\040\0001\000\040\000:\000\040\000C\000l\000o\000n\000a\000g\000e\000\040\000d\000u\000\040\000p\000r\000o\000j\000e\000t}{subsection.C.2}% 87
\BOOKMARK [3][-]{subsubsection.C.2.2}{\376\377\000\311\000t\000a\000p\000e\000\040\0002\000\040\000:\000\040\000I\000n\000s\000t\000a\000l\000l\000a\000t\000i\000o\000n\000\040\000d\000e\000s\000\040\000d\000\351\000p\000e\000n\000d\000a\000n\000c\000e\000s}{subsection.C.2}% 88
\BOOKMARK [3][-]{subsubsection.C.2.3}{\376\377\000\311\000t\000a\000p\000e\000\040\0003\000\040\000:\000\040\000T\000\351\000l\000\351\000c\000h\000a\000r\000g\000e\000m\000e\000n\000t\000\040\000d\000e\000s\000\040\000m\000o\000d\000\350\000l\000e\000s}{subsection.C.2}% 89
\BOOKMARK [3][-]{subsubsection.C.2.4}{\376\377\000\311\000t\000a\000p\000e\000\040\0004\000\040\000:\000\040\000C\000o\000n\000f\000i\000g\000u\000r\000a\000t\000i\000o\000n\000\040\000d\000e\000s\000\040\000d\000o\000s\000s\000i\000e\000r\000s}{subsection.C.2}% 90
\BOOKMARK [3][-]{subsubsection.C.2.5}{\376\377\000\311\000t\000a\000p\000e\000\040\0005\000\040\000:\000\040\000T\000e\000s\000t\000\040\000d\000u\000\040\000s\000y\000s\000t\000\350\000m\000e}{subsection.C.2}% 91
\BOOKMARK [2][-]{subsection.C.3}{\376\377\000R\000\351\000s\000o\000l\000u\000t\000i\000o\000n\000\040\000d\000e\000s\000\040\000p\000r\000o\000b\000l\000\350\000m\000e\000s\000\040\000c\000o\000u\000r\000a\000n\000t\000s}{appendix.C}% 92
\BOOKMARK [3][-]{subsubsection.C.3.1}{\376\377\000E\000r\000r\000e\000u\000r\000\040\000d\000e\000\040\000c\000a\000m\000\351\000r\000a}{subsection.C.3}% 93
\BOOKMARK [3][-]{subsubsection.C.3.2}{\376\377\000E\000r\000r\000e\000u\000r\000\040\000d\000e\000\040\000c\000o\000m\000p\000i\000l\000a\000t\000i\000o\000n\000\040\000d\000l\000i\000b}{subsection.C.3}% 94
\BOOKMARK [3][-]{subsubsection.C.3.3}{\376\377\000P\000r\000o\000b\000l\000\350\000m\000e\000s\000\040\000a\000u\000d\000i\000o}{subsection.C.3}% 95
\BOOKMARK [1][-]{appendix.I}{\376\377\000C\000o\000d\000e\000\040\000S\000o\000u\000r\000c\000e}{}% 96
